<?xml version="1.0" encoding="UTF-8"?>
<testng-results ignored="0" total="1" passed="1" failed="0" skipped="0">
  <reporter-output>
  </reporter-output>
  <suite started-at="2025-11-19T16:56:41 IST" name="Default suite" finished-at="2025-11-19T16:56:45 IST" duration-ms="3841">
    <groups>
    </groups>
    <test started-at="2025-11-19T16:56:41 IST" name="Default test" finished-at="2025-11-19T16:56:45 IST" duration-ms="3841">
      <class name="api_scripts.Login_as_a_Shopper_runner">
        <test-method signature="login()[pri:0, instance:api_scripts.Login_as_a_Shopper_runner@34e9fd99]" started-at="2025-11-19T16:56:41 IST" name="login" finished-at="2025-11-19T16:56:45 IST" duration-ms="3783" status="PASS">
          <reporter-output>
          </reporter-output>
        </test-method> <!-- login -->
      </class> <!-- api_scripts.Login_as_a_Shopper_runner -->
    </test> <!-- Default test -->
  </suite> <!-- Default suite -->
</testng-results>
